<?xml version="1.0" encoding="UTF-8"?>
<!-- Generated by org.testng.reporters.JUnitReportReporter -->
<testsuite hostname="DESKTOP-TQG7MKJ" failures="0" tests="1" name="com.ShoppersStack_TestScript.Tc_002_verifyUserAbleTo_DeleteAdress_Test" time="25.002" errors="0" timestamp="2024-11-18T09:28:09 IST" skipped="0">
  <testcase classname="com.ShoppersStack_TestScript.Tc_002_verifyUserAbleTo_DeleteAdress_Test" name="deleteAdress" time="25.002"/>
</testsuite> <!-- com.ShoppersStack_TestScript.Tc_002_verifyUserAbleTo_DeleteAdress_Test -->
